<?xml version="1.0" encoding="UTF-8"?>
<!-- Generated by org.testng.reporters.JUnitXMLReporter -->
<testsuite hostname="DESKTOP-T0FTKC2" ignored="0" name="Test" tests="8" failures="0" timestamp="2021-06-01T17:24:25 PKT" time="0.32" errors="0">
  <testcase name="login" time="0.019" classname="Frameworks_TestNG.BeforeTest_and_afterTest.Test_for_Chrome"/>
  <testcase name="Logout" time="0.008" classname="Frameworks_TestNG.BeforeTest_and_afterTest.Test_For_Firefox"/>
  <testcase name="tc001" time="0.008" classname="Frameworks_TestNG.BeforeTest_and_afterTest.TestSuite1"/>
  <testcase name="tc002" time="0.008" classname="Frameworks_TestNG.BeforeTest_and_afterTest.TestSuite1"/>
  <testcase name="tc003" time="0.008" classname="Frameworks_TestNG.BeforeTest_and_afterTest.TestSuite1"/>
  <testcase name="tc004" time="0.015" classname="Frameworks_TestNG.BeforeTest_and_afterTest.TestSuite2"/>
  <testcase name="tc005" time="0.004" classname="Frameworks_TestNG.BeforeTest_and_afterTest.TestSuite2"/>
  <testcase name="tc006" time="0.013" classname="Frameworks_TestNG.BeforeTest_and_afterTest.TestSuite2"/>
</testsuite> <!-- Test -->
